Running serial in debug mode...
Original A = 
 3.0e+00  2.0e+00 -1.0e+00 
 2.0e+00 -2.0e+00  4.0e+00 
-1.0e+00  5.0e-01 -1.0e+00 
Original b = 
 1.0e+00 
-2.0e+00 
 0.0e+00 
Triangular A = 
 3.0e+00  2.0e+00 -1.0e+00 
 0.0e+00 -3.3e+00  4.7e+00 
 0.0e+00  0.0e+00  3.0e-01 
Updated b = 
 1.0e+00 
-2.7e+00 
-6.0e-01 
Solution x = 
 1.0e+00 
-2.0e+00 
-2.0e+00 
Nthreads= 1  ERR= 3.0e+00  INIT:   0.0004s  GAUS:   0.0000s  BSUB:   0.0000s
Solution is correct for serial.
Running openmp in debug mode...
Original A = 
 3.0e+00  2.0e+00 -1.0e+00 
 2.0e+00 -2.0e+00  4.0e+00 
-1.0e+00  5.0e-01 -1.0e+00 
Original b = 
 1.0e+00 
-2.0e+00 
 0.0e+00 
Triangular A = 
 3.0e+00  2.0e+00 -1.0e+00 
 0.0e+00 -3.3e+00  4.7e+00 
 0.0e+00  0.0e+00  3.0e-01 
Updated b = 
 1.0e+00 
-2.7e+00 
-6.0e-01 
Solution x = 
 1.0e+00 
-2.0e+00 
-2.0e+00 
Nthreads=32  ERR= 3.0e+00  INIT:   0.0003s  GAUS:   0.0129s  BSUB:   0.0000s
Solution is correct for openmp.
Running pthread in debug mode...
Original A = 
 3.0e+00  2.0e+00 -1.0e+00 
 2.0e+00 -2.0e+00  4.0e+00 
-1.0e+00  5.0e-01 -1.0e+00 
Original b = 
 1.0e+00 
-2.0e+00 
 0.0e+00 
Triangular A = 
 3.0e+00  2.0e+00 -1.0e+00 
 0.0e+00 -3.3e+00  4.7e+00 
 0.0e+00  0.0e+00  3.0e-01 
Updated b = 
 1.0e+00 
-2.7e+00 
-6.0e-01 
Solution x = 
 1.0e+00 
-2.0e+00 
-2.0e+00 
Nthreads= 1  ERR= 3.0e+00  INIT:   0.0002s  GAUS:   0.0007s  BSUB:   0.0004s
Solution is correct for pthread.
Running raja in debug mode...
Original A = 
3 2 -1 
2 -2 4 
-1 0.5 -1 
Original b = 
1 
-2 
0 
Triangular A = 
3 2 -1 
0 -3.33333 4.66667 
0 0 0.3 
Updated b = 
1 
-2.66667 
-0.6 
Solution x = 
1 
-2 
-2 
Nthreads=1  ERR=3  INIT: 0.000308361s  GAUS: 0.00304446s  BSUB: 3.59956e-07s
Solution is correct for raja.
Running cuda in debug mode...
Original A = 
 3.0e+00  2.0e+00 -1.0e+00 
 2.0e+00 -2.0e+00  4.0e+00 
-1.0e+00  5.0e-01 -1.0e+00 
Original b = 
 1.0e+00 
-2.0e+00 
 0.0e+00 
Triangular A = 
 3.0e+00  2.0e+00 -1.0e+00 
 1.1e-16 -3.3e+00  4.7e+00 
-5.6e-17  3.0e-17  3.0e-01 
Updated b = 
 1.0e+00 
-2.7e+00 
-6.0e-01 
Solution x = 
 1.0e+00 
-2.0e+00 
-2.0e+00 
Nthreads= 1  ERR= 3.0e+00  INIT:   0.0004s  GAUS:   0.0014s  BSUB:   0.0000s
Solution is correct for cuda.
