

Pthread:
Size: 300, Threads: 1
Nthreads= 1  ERR= 9.4e-15  INIT:   0.0012s  GAUS:   0.0172s  BSUB:   0.0131s
Size: 424, Threads: 1
Nthreads= 1  ERR= 1.4e-14  INIT:   0.0023s  GAUS:   0.0413s  BSUB:   0.0197s
Size: 599, Threads: 1
Nthreads= 1  ERR= 1.5e-14  INIT:   0.0036s  GAUS:   0.0835s  BSUB:   0.0284s
Size: 847, Threads: 1
Nthreads= 1  ERR= 2.2e-14  INIT:   0.0068s  GAUS:   0.2161s  BSUB:   0.0425s
Size: 1197, Threads: 1
Nthreads= 1  ERR= 2.6e-14  INIT:   0.0137s  GAUS:   0.6105s  BSUB:   0.0580s
Size: 1692, Threads: 1
Nthreads= 1  ERR= 2.3e-14  INIT:   0.0269s  GAUS:   1.8597s  BSUB:   0.0861s
Size: 2392, Threads: 1
Nthreads= 1  ERR= 3.9e-14  INIT:   0.0528s  GAUS:   5.0830s  BSUB:   0.1168s
Size: 3382, Threads: 1
Nthreads= 1  ERR= 3.7e-14  INIT:   0.1037s  GAUS:  13.8747s  BSUB:   0.1667s
Size: 4782, Threads: 1
Nthreads= 1  ERR= 5.3e-14  INIT:   0.2026s  GAUS:  37.2044s  BSUB:   0.2384s
Size: 6762, Threads: 1
Nthreads= 1  ERR= 5.8e-14  INIT:   0.3921s  GAUS:  99.4684s  BSUB:   0.3492s
Size: 9562, Threads: 1
Nthreads= 1  ERR= 8.2e-14  INIT:   0.7726s  GAUS: 272.5506s  BSUB:   0.5096s
Size: 300, Threads: 2
Nthreads= 1  ERR= 1.2e-14  INIT:   0.0010s  GAUS:   0.0298s  BSUB:   0.0259s
Size: 424, Threads: 2
Nthreads= 1  ERR= 1.4e-14  INIT:   0.0013s  GAUS:   0.0484s  BSUB:   0.0312s
Size: 599, Threads: 2
Nthreads= 1  ERR= 1.8e-14  INIT:   0.0025s  GAUS:   0.0854s  BSUB:   0.0429s
Size: 847, Threads: 2
Nthreads= 1  ERR= 2.2e-14  INIT:   0.0043s  GAUS:   0.1670s  BSUB:   0.0630s
Size: 1197, Threads: 2
Nthreads= 1  ERR= 2.7e-14  INIT:   0.0066s  GAUS:   0.3356s  BSUB:   0.0898s
Size: 1692, Threads: 2
Nthreads= 1  ERR= 2.6e-14  INIT:   0.0134s  GAUS:   0.7921s  BSUB:   0.1228s
Size: 2392, Threads: 2
Nthreads= 1  ERR= 3.2e-14  INIT:   0.0289s  GAUS:   2.7255s  BSUB:   0.1807s
Size: 3382, Threads: 2
Nthreads= 1  ERR= 3.9e-14  INIT:   0.0530s  GAUS:   7.7192s  BSUB:   0.2667s
Size: 4782, Threads: 2
Nthreads= 1  ERR= 5.7e-14  INIT:   0.1008s  GAUS:  21.3424s  BSUB:   0.3756s
Size: 6762, Threads: 2
Nthreads= 1  ERR= 5.5e-14  INIT:   0.1967s  GAUS:  60.5435s  BSUB:   0.5187s
Size: 9562, Threads: 2
Nthreads= 1  ERR= 8.0e-14  INIT:   0.3913s  GAUS: 162.6353s  BSUB:   0.7679s
Size: 300, Threads: 4
Nthreads= 1  ERR= 1.1e-14  INIT:   0.0006s  GAUS:   0.0531s  BSUB:   0.0509s
Size: 424, Threads: 4
Nthreads= 1  ERR= 1.1e-14  INIT:   0.0011s  GAUS:   0.0777s  BSUB:   0.0675s
Size: 599, Threads: 4
Nthreads= 1  ERR= 1.5e-14  INIT:   0.0018s  GAUS:   0.1038s  BSUB:   0.0786s
Size: 847, Threads: 4
Nthreads= 1  ERR= 1.6e-14  INIT:   0.0026s  GAUS:   0.1513s  BSUB:   0.1091s
Size: 1197, Threads: 4
Nthreads= 1  ERR= 2.2e-14  INIT:   0.0043s  GAUS:   0.3930s  BSUB:   0.1595s
Size: 1692, Threads: 4
Nthreads= 1  ERR= 2.4e-14  INIT:   0.0081s  GAUS:   0.8160s  BSUB:   0.2294s
Size: 2392, Threads: 4
Nthreads= 1  ERR= 3.2e-14  INIT:   0.0147s  GAUS:   2.2522s  BSUB:   0.3237s
Size: 3382, Threads: 4
Nthreads= 1  ERR= 3.7e-14  INIT:   0.0276s  GAUS:   7.1286s  BSUB:   0.4506s
Size: 4782, Threads: 4
Nthreads= 1  ERR= 5.0e-14  INIT:   0.0519s  GAUS:  17.4697s  BSUB:   0.7573s
Size: 6762, Threads: 4
Nthreads= 1  ERR= 5.4e-14  INIT:   0.1000s  GAUS:  40.0321s  BSUB:   0.9300s
Size: 9562, Threads: 4
Nthreads= 1  ERR= 7.6e-14  INIT:   0.1947s  GAUS: 113.3720s  BSUB:   1.3422s
Size: 300, Threads: 8
Nthreads= 1  ERR= 9.3e-15  INIT:   0.0010s  GAUS:   0.1527s  BSUB:   0.1282s
Size: 424, Threads: 8
Nthreads= 1  ERR= 1.2e-14  INIT:   0.0011s  GAUS:   0.1594s  BSUB:   0.1346s
Size: 599, Threads: 8
Nthreads= 1  ERR= 1.5e-14  INIT:   0.0014s  GAUS:   0.2497s  BSUB:   0.1947s
Size: 847, Threads: 8
Nthreads= 1  ERR= 2.0e-14  INIT:   0.0020s  GAUS:   0.2947s  BSUB:   0.2721s
Size: 1197, Threads: 8
Nthreads= 1  ERR= 3.0e-14  INIT:   0.0039s  GAUS:   0.4990s  BSUB:   0.3838s
Size: 1692, Threads: 8
Nthreads= 1  ERR= 2.8e-14  INIT:   0.0071s  GAUS:   0.8771s  BSUB:   0.5479s
Size: 2392, Threads: 8
Nthreads= 1  ERR= 3.4e-14  INIT:   0.0123s  GAUS:   1.6913s  BSUB:   0.7930s
Size: 3382, Threads: 8
Nthreads= 1  ERR= 3.9e-14  INIT:   0.0167s  GAUS:   4.2987s  BSUB:   1.0861s
Size: 4782, Threads: 8
Nthreads= 1  ERR= 5.7e-14  INIT:   0.0294s  GAUS:  13.7385s  BSUB:   1.5943s
Size: 6762, Threads: 8
Nthreads= 1  ERR= 6.0e-14  INIT:   0.0515s  GAUS:  35.7737s  BSUB:   2.2200s
Size: 9562, Threads: 8
Nthreads= 1  ERR= 8.2e-14  INIT:   0.0993s  GAUS:  92.8077s  BSUB:   3.1000s
