Running serial in debug mode...
Original A = 
 2.0e-01  5.0e-01 -3.0e-01  4.0e-01 
-5.0e-01  2.0e-01  4.0e-01 -1.0e-01 
 3.0e-01 -4.0e-01  1.0e-01  5.0e-01 
 1.0e-01  3.0e-01 -2.0e-01 -2.0e-01 
Original b = 
 1.2e+00 
-6.0e-01 
 1.3e+00 
 1.0e-01 
Triangular A = 
 2.0e-01  5.0e-01 -3.0e-01  4.0e-01 
 0.0e+00  1.4e+00 -3.5e-01  9.0e-01 
 0.0e+00  0.0e+00  2.7e-01  6.1e-01 
 0.0e+00  0.0e+00  0.0e+00 -3.5e-01 
Updated b = 
 1.2e+00 
 2.4e+00 
 1.4e+00 
-3.9e-01 
Solution x = 
 3.7e+00 
 1.6e+00 
 2.6e+00 
 1.1e+00 
Nthreads= 1  ERR= 2.7e+00  INIT:   0.0097s  GAUS:   0.0000s  BSUB:   0.0000s
Solution is correct for serial.
Running openmp in debug mode...
Original A = 
 2.0e-01  5.0e-01 -3.0e-01  4.0e-01 
-5.0e-01  2.0e-01  4.0e-01 -1.0e-01 
 3.0e-01 -4.0e-01  1.0e-01  5.0e-01 
 1.0e-01  3.0e-01 -2.0e-01 -2.0e-01 
Original b = 
 1.2e+00 
-6.0e-01 
 1.3e+00 
 1.0e-01 
Triangular A = 
 2.0e-01  5.0e-01 -3.0e-01  4.0e-01 
 0.0e+00  1.4e+00 -3.5e-01  9.0e-01 
 0.0e+00  0.0e+00  2.7e-01  6.1e-01 
 0.0e+00  0.0e+00  0.0e+00 -3.5e-01 
Updated b = 
 1.2e+00 
 2.4e+00 
 1.4e+00 
-3.9e-01 
Solution x = 
 3.7e+00 
 1.6e+00 
 2.6e+00 
 1.1e+00 
Nthreads=32  ERR= 2.7e+00  INIT:   0.0003s  GAUS:   0.0129s  BSUB:   0.0001s
Solution is correct for openmp.
Running pthread in debug mode...
Original A = 
 2.0e-01  5.0e-01 -3.0e-01  4.0e-01 
-5.0e-01  2.0e-01  4.0e-01 -1.0e-01 
 3.0e-01 -4.0e-01  1.0e-01  5.0e-01 
 1.0e-01  3.0e-01 -2.0e-01 -2.0e-01 
Original b = 
 1.2e+00 
-6.0e-01 
 1.3e+00 
 1.0e-01 
Triangular A = 
 2.0e-01  5.0e-01 -3.0e-01  4.0e-01 
 0.0e+00  1.4e+00 -3.5e-01  9.0e-01 
 0.0e+00  0.0e+00  2.7e-01  6.1e-01 
 0.0e+00  0.0e+00  0.0e+00 -3.5e-01 
Updated b = 
 1.2e+00 
 2.4e+00 
 1.4e+00 
-3.9e-01 
Solution x = 
 3.7e+00 
 1.6e+00 
 2.6e+00 
 1.1e+00 
Nthreads= 1  ERR= 2.7e+00  INIT:   0.0004s  GAUS:   0.0009s  BSUB:   0.0006s
Solution is correct for pthread.
Running raja in debug mode...
Original A = 
0.2 0.5 -0.3 0.4 
-0.5 0.2 0.4 -0.1 
0.3 -0.4 0.1 0.5 
0.1 0.3 -0.2 -0.2 
Original b = 
1.2 
-0.6 
1.3 
0.1 
Triangular A = 
0.2 0.5 -0.3 0.4 
0 1.45 -0.35 0.9 
0 0 0.272414 0.613793 
0 0 0 -0.34557 
Updated b = 
1.2 
2.4 
1.40345 
-0.387342 
Solution x = 
3.71429 
1.59341 
2.62637 
1.12088 
Nthreads=1  ERR=2.71429  INIT: 0.000370535s  GAUS: 0.0155331s  BSUB: 3.50643e-07s
Solution is correct for raja.
Running cuda in debug mode...
Original A = 
 2.0e-01  5.0e-01 -3.0e-01  4.0e-01 
-5.0e-01  2.0e-01  4.0e-01 -1.0e-01 
 3.0e-01 -4.0e-01  1.0e-01  5.0e-01 
 1.0e-01  3.0e-01 -2.0e-01 -2.0e-01 
Original b = 
 1.2e+00 
-6.0e-01 
 1.3e+00 
 1.0e-01 
Triangular A = 
 2.0e-01  5.0e-01 -3.0e-01  4.0e-01 
 2.8e-17  1.4e+00 -3.5e-01  9.0e-01 
 1.7e-17 -6.3e-17  2.7e-01  6.1e-01 
 0.0e+00  1.2e-18 -1.1e-18 -3.5e-01 
Updated b = 
 1.2e+00 
 2.4e+00 
 1.4e+00 
-3.9e-01 
Solution x = 
 3.7e+00 
 1.6e+00 
 2.6e+00 
 1.1e+00 
Nthreads= 1  ERR= 2.7e+00  INIT:   0.0004s  GAUS:   0.0015s  BSUB:   0.0000s
Solution is correct for cuda.
