Cuda:
Size: 300, Threads: 1
Nthreads= 1  ERR= 1.6e+00  INIT:   0.0015s  GAUS:   0.0590s  BSUB:   0.0001s
Size: 424, Threads: 1
Nthreads= 1  ERR= 1.9e+00  INIT:   0.0030s  GAUS:   0.1353s  BSUB:   0.0001s
Size: 599, Threads: 1
Nthreads= 1  ERR= 2.0e+00  INIT:   0.0062s  GAUS:   0.3331s  BSUB:   0.0003s
Size: 847, Threads: 1
Nthreads= 1  ERR= 2.3e+00  INIT:   0.0105s  GAUS:   0.8442s  BSUB:   0.0005s
Size: 1197, Threads: 1
Nthreads= 1  ERR= 2.6e+00  INIT:   0.0201s  GAUS:   2.1719s  BSUB:   0.0009s
Size: 1692, Threads: 1
Nthreads= 1  ERR= 2.8e+00  INIT:   0.0403s  GAUS:   5.6787s  BSUB:   0.0017s
Size: 2392, Threads: 1
Nthreads= 1  ERR= 3.3e+00  INIT:   0.0795s  GAUS:  14.6160s  BSUB:   0.0032s
Size: 3382, Threads: 1
Nthreads= 1  ERR= 3.6e+00  INIT:   0.1588s  GAUS:  40.8733s  BSUB:   0.0062s
Size: 4782, Threads: 1
Nthreads= 1  ERR= 3.9e+00  INIT:   0.3169s  GAUS: 112.7889s  BSUB:   0.0122s
Size: 6762, Threads: 1
Nthreads= 1  ERR= 4.2e+00  INIT:   0.6305s  GAUS: 315.2196s  BSUB:   0.0240s
Size: 9562, Threads: 1
Nthreads= 1  ERR= 4.4e+00  INIT:   1.2774s  GAUS: 873.0160s  BSUB:   0.0496s
Size: 300, Threads: 1
Nthreads= 1  ERR= 1.6e+00  INIT:   0.0015s  GAUS:   0.0592s  BSUB:   0.0001s
Size: 424, Threads: 1
Nthreads= 1  ERR= 1.7e+00  INIT:   0.0030s  GAUS:   0.1300s  BSUB:   0.0001s
Size: 599, Threads: 1
Nthreads= 1  ERR= 1.7e+00  INIT:   0.0060s  GAUS:   0.3324s  BSUB:   0.0003s
Size: 847, Threads: 1
Nthreads= 1  ERR= 2.3e+00  INIT:   0.0105s  GAUS:   0.8447s  BSUB:   0.0005s
Size: 1197, Threads: 1
Nthreads= 1  ERR= 2.6e+00  INIT:   0.0209s  GAUS:   2.1760s  BSUB:   0.0009s
Size: 1692, Threads: 1
Nthreads= 1  ERR= 2.9e+00  INIT:   0.0413s  GAUS:   5.6238s  BSUB:   0.0017s
Size: 2392, Threads: 1
Nthreads= 1  ERR= 3.3e+00  INIT:   0.0805s  GAUS:  14.8209s  BSUB:   0.0032s
Size: 3382, Threads: 1
Nthreads= 1  ERR= 3.6e+00  INIT:   0.1591s  GAUS:  40.1827s  BSUB:   0.0062s
Size: 4782, Threads: 1
Nthreads= 1  ERR= 3.9e+00  INIT:   0.3152s  GAUS: 112.0807s  BSUB:   0.0122s
Size: 6762, Threads: 1
Nthreads= 1  ERR= 4.2e+00  INIT:   0.6314s  GAUS: 315.6136s  BSUB:   0.0239s
Size: 9562, Threads: 1
Nthreads= 1  ERR= 4.4e+00  INIT:   1.2624s  GAUS: 867.5770s  BSUB:   0.0472s
Size: 300, Threads: 1
Nthreads= 1  ERR= 1.5e+00  INIT:   0.0015s  GAUS:   0.0612s  BSUB:   0.0001s
Size: 424, Threads: 1
Nthreads= 1  ERR= 1.6e+00  INIT:   0.0031s  GAUS:   0.1350s  BSUB:   0.0001s
Size: 599, Threads: 1
Nthreads= 1  ERR= 1.9e+00  INIT:   0.0053s  GAUS:   0.3336s  BSUB:   0.0003s
Size: 847, Threads: 1
Nthreads= 1  ERR= 2.3e+00  INIT:   0.0116s  GAUS:   0.8667s  BSUB:   0.0005s
Size: 1197, Threads: 1
Nthreads= 1  ERR= 2.6e+00  INIT:   0.0216s  GAUS:   2.2269s  BSUB:   0.0010s
Size: 1692, Threads: 1
Nthreads= 1  ERR= 2.9e+00  INIT:   0.0405s  GAUS:   5.5634s  BSUB:   0.0017s
Size: 2392, Threads: 1
Nthreads= 1  ERR= 3.3e+00  INIT:   0.0803s  GAUS:  14.7142s  BSUB:   0.0032s
Size: 3382, Threads: 1
Nthreads= 1  ERR= 3.6e+00  INIT:   0.1646s  GAUS:  41.2821s  BSUB:   0.0071s
Size: 4782, Threads: 1
Nthreads= 1  ERR= 3.9e+00  INIT:   0.3272s  GAUS: 114.4746s  BSUB:   0.0135s
Size: 6762, Threads: 1
Nthreads= 1  ERR= 4.2e+00  INIT:   0.6334s  GAUS: 309.0104s  BSUB:   0.0239s
Size: 9562, Threads: 1
srun: Job step aborted: Waiting up to 32 seconds for job step to finish.
slurmstepd: error: *** JOB 137828 ON gpu01 CANCELLED AT 2024-05-01T17:07:04 DUE TO TIME LIMIT ***
slurmstepd: error: *** STEP 137828.32 ON gpu01 CANCELLED AT 2024-05-01T17:07:04 DUE TO TIME LIMIT ***
