OpenMP:
Size: 300, Threads: 1
Nthreads= 1  ERR= 9.4e-15  INIT:   0.0010s  GAUS:   0.0029s  BSUB:   0.0001s
Size: 424, Threads: 1
Nthreads= 1  ERR= 1.4e-14  INIT:   0.0020s  GAUS:   0.0084s  BSUB:   0.0002s
Size: 599, Threads: 1
Nthreads= 1  ERR= 1.6e-14  INIT:   0.0042s  GAUS:   0.0241s  BSUB:   0.0003s
Size: 847, Threads: 1
Nthreads= 1  ERR= 2.1e-14  INIT:   0.0065s  GAUS:   0.0660s  BSUB:   0.0005s
Size: 1197, Threads: 1
Nthreads= 1  ERR= 2.6e-14  INIT:   0.0124s  GAUS:   0.1811s  BSUB:   0.0010s
Size: 1692, Threads: 1
Nthreads= 1  ERR= 2.9e-14  INIT:   0.0268s  GAUS:   1.0240s  BSUB:   0.0026s
Size: 2392, Threads: 1
Nthreads= 1  ERR= 4.0e-14  INIT:   0.0498s  GAUS:   3.2094s  BSUB:   0.0047s
Size: 3382, Threads: 1
Nthreads= 1  ERR= 3.8e-14  INIT:   0.1016s  GAUS:  10.8693s  BSUB:   0.0141s
Size: 4782, Threads: 1
Nthreads= 1  ERR= 5.9e-14  INIT:   0.1980s  GAUS:  27.3115s  BSUB:   0.0227s
Size: 6762, Threads: 1
Nthreads= 1  ERR= 6.1e-14  INIT:   0.3954s  GAUS:  76.6754s  BSUB:   0.0462s
Size: 9562, Threads: 1
Nthreads= 1  ERR= 8.1e-14  INIT:   0.7907s  GAUS: 212.6621s  BSUB:   0.0932s
Size: 300, Threads: 2
Nthreads= 2  ERR= 1.0e-14  INIT:   0.0006s  GAUS:   0.0031s  BSUB:   0.0010s
Size: 424, Threads: 2
Nthreads= 2  ERR= 1.3e-14  INIT:   0.0012s  GAUS:   0.0058s  BSUB:   0.0009s
Size: 599, Threads: 2
Nthreads= 2  ERR= 1.7e-14  INIT:   0.0024s  GAUS:   0.0153s  BSUB:   0.0018s
Size: 847, Threads: 2
Nthreads= 2  ERR= 2.3e-14  INIT:   0.0035s  GAUS:   0.0403s  BSUB:   0.0027s
Size: 1197, Threads: 2
Nthreads= 2  ERR= 2.8e-14  INIT:   0.0074s  GAUS:   0.0990s  BSUB:   0.0044s
Size: 1692, Threads: 2
Nthreads= 2  ERR= 3.2e-14  INIT:   0.0135s  GAUS:   0.2494s  BSUB:   0.0048s
Size: 2392, Threads: 2
Nthreads= 2  ERR= 3.4e-14  INIT:   0.0285s  GAUS:   1.3376s  BSUB:   0.0107s
Size: 3382, Threads: 2
Nthreads= 2  ERR= 3.8e-14  INIT:   0.0529s  GAUS:   4.9876s  BSUB:   0.0176s
Size: 4782, Threads: 2
Nthreads= 2  ERR= 6.4e-14  INIT:   0.1044s  GAUS:  15.0267s  BSUB:   0.0284s
Size: 6762, Threads: 2
Nthreads= 2  ERR= 5.9e-14  INIT:   0.2043s  GAUS:  50.8978s  BSUB:   0.0344s
Size: 9562, Threads: 2
Nthreads= 2  ERR= 8.0e-14  INIT:   0.3966s  GAUS: 135.3058s  BSUB:   0.0647s
Size: 300, Threads: 4
Nthreads= 4  ERR= 1.2e-14  INIT:   0.0005s  GAUS:   0.0028s  BSUB:   0.0014s
Size: 424, Threads: 4
Nthreads= 4  ERR= 1.1e-14  INIT:   0.0008s  GAUS:   0.0055s  BSUB:   0.0020s
Size: 599, Threads: 4
Nthreads= 4  ERR= 1.7e-14  INIT:   0.0014s  GAUS:   0.0110s  BSUB:   0.0027s
Size: 847, Threads: 4
Nthreads= 4  ERR= 1.9e-14  INIT:   0.0024s  GAUS:   0.0215s  BSUB:   0.0024s
Size: 1197, Threads: 4
Nthreads= 4  ERR= 2.4e-14  INIT:   0.0038s  GAUS:   0.0561s  BSUB:   0.0061s
Size: 1692, Threads: 4
Nthreads= 4  ERR= 2.8e-14  INIT:   0.0070s  GAUS:   0.1303s  BSUB:   0.0056s
Size: 2392, Threads: 4
Nthreads= 4  ERR= 3.9e-14  INIT:   0.0144s  GAUS:   0.3716s  BSUB:   0.0127s
Size: 3382, Threads: 4
Nthreads= 4  ERR= 3.9e-14  INIT:   0.0289s  GAUS:   2.2778s  BSUB:   0.0127s
Size: 4782, Threads: 4
Nthreads= 4  ERR= 5.9e-14  INIT:   0.0543s  GAUS:   8.1112s  BSUB:   0.0286s
Size: 6762, Threads: 4
Nthreads= 4  ERR= 7.0e-14  INIT:   0.1033s  GAUS:  34.0642s  BSUB:   0.0442s
Size: 9562, Threads: 4
Nthreads= 4  ERR= 8.4e-14  INIT:   0.2018s  GAUS:  95.6078s  BSUB:   0.0688s
Size: 300, Threads: 8
Nthreads= 8  ERR= 1.6e-14  INIT:   0.0006s  GAUS:   0.0030s  BSUB:   0.0020s
Size: 424, Threads: 8
Nthreads= 8  ERR= 1.1e-14  INIT:   0.0009s  GAUS:   0.0047s  BSUB:   0.0024s
Size: 599, Threads: 8
Nthreads= 8  ERR= 1.9e-14  INIT:   0.0012s  GAUS:   0.0083s  BSUB:   0.0033s
Size: 847, Threads: 8
Nthreads= 8  ERR= 1.9e-14  INIT:   0.0019s  GAUS:   0.0166s  BSUB:   0.0044s
Size: 1197, Threads: 8
Nthreads= 8  ERR= 2.5e-14  INIT:   0.0025s  GAUS:   0.0337s  BSUB:   0.0068s
Size: 1692, Threads: 8
Nthreads= 8  ERR= 2.6e-14  INIT:   0.0043s  GAUS:   0.0800s  BSUB:   0.0104s
Size: 2392, Threads: 8
Nthreads= 8  ERR= 3.6e-14  INIT:   0.0080s  GAUS:   0.2017s  BSUB:   0.0151s
Size: 3382, Threads: 8
Nthreads= 8  ERR= 3.7e-14  INIT:   0.0147s  GAUS:   1.0223s  BSUB:   0.0190s
Size: 4782, Threads: 8
Nthreads= 8  ERR= 6.4e-14  INIT:   0.0314s  GAUS:   5.5358s  BSUB:   0.0294s
Size: 6762, Threads: 8
Nthreads= 8  ERR= 6.4e-14  INIT:   0.0534s  GAUS:  19.8905s  BSUB:   0.0451s
Size: 9562, Threads: 8
Nthreads= 8  ERR= 8.3e-14  INIT:   0.1072s  GAUS:  73.9571s  BSUB:   0.0667s
